[07-Apr-2017 14:00:55 UTC] PHP Notice:  Use of undefined constant PWP_NAME - assumed 'PWP_NAME' in /srv/www/fittin.dev/wp-content/mu-plugins/wpengine-common/wpe-sec.php on line 63
[07-Apr-2017 14:00:55 UTC] PHP Stack trace:
[07-Apr-2017 14:00:55 UTC] PHP   1. {main}() /srv/www/fittin.dev/wp-cron.php:0
[07-Apr-2017 14:00:55 UTC] PHP   2. require_once() /srv/www/fittin.dev/wp-cron.php:26
[07-Apr-2017 14:00:55 UTC] PHP   3. require_once() /srv/www/fittin.dev/wp-load.php:37
[07-Apr-2017 14:00:55 UTC] PHP   4. require_once() /srv/www/fittin.dev/wp-config.php:91
[07-Apr-2017 14:00:55 UTC] PHP   5. do_action() /srv/www/fittin.dev/wp-settings.php:449
[07-Apr-2017 14:00:55 UTC] PHP   6. WP_Hook->do_action() /srv/www/fittin.dev/wp-includes/plugin.php:453
[07-Apr-2017 14:00:55 UTC] PHP   7. WP_Hook->apply_filters() /srv/www/fittin.dev/wp-includes/class-wp-hook.php:323
[07-Apr-2017 14:00:55 UTC] PHP   8. call_user_func_array() /srv/www/fittin.dev/wp-includes/class-wp-hook.php:298
[07-Apr-2017 14:00:55 UTC] PHP   9. wpesec_encourage_tls() /srv/www/fittin.dev/wp-includes/class-wp-hook.php:298
[07-Apr-2017 14:00:55 UTC] PHP Notice:  Use of undefined constant PWP_NAME - assumed 'PWP_NAME' in /vagrant/projects/fittin.dev/wp-content/mu-plugins/wpengine-common/wpe-sec.php on line 63
[07-Apr-2017 14:00:55 UTC] PHP Stack trace:
[07-Apr-2017 14:00:55 UTC] PHP   1. {main}() /usr/bin/wp:0
[07-Apr-2017 14:00:55 UTC] PHP   2. include() /usr/bin/wp:4
[07-Apr-2017 14:00:55 UTC] PHP   3. include() phar:///usr/bin/wp/php/boot-phar.php:5
[07-Apr-2017 14:00:55 UTC] PHP   4. WP_CLI\Runner->start() phar:///usr/bin/wp/php/wp-cli.php:21
[07-Apr-2017 14:00:55 UTC] PHP   5. WP_CLI\Runner->load_wordpress() phar:///usr/bin/wp/php/WP_CLI/Runner.php:867
[07-Apr-2017 14:00:55 UTC] PHP   6. require() phar:///usr/bin/wp/php/WP_CLI/Runner.php:923
[07-Apr-2017 14:00:55 UTC] PHP   7. do_action() /vagrant/projects/fittin.dev/wp-settings.php:449
[07-Apr-2017 14:00:55 UTC] PHP   8. WP_Hook->do_action() /vagrant/projects/fittin.dev/wp-includes/plugin.php:453
[07-Apr-2017 14:00:55 UTC] PHP   9. WP_Hook->apply_filters() /vagrant/projects/fittin.dev/wp-includes/class-wp-hook.php:323
[07-Apr-2017 14:00:55 UTC] PHP  10. call_user_func_array() /vagrant/projects/fittin.dev/wp-includes/class-wp-hook.php:298
[07-Apr-2017 14:00:55 UTC] PHP  11. wpesec_encourage_tls() /vagrant/projects/fittin.dev/wp-includes/class-wp-hook.php:298
[07-Apr-2017 14:00:55 UTC] PHP Notice:  Undefined index: SERVER_PORT in /vagrant/projects/fittin.dev/wp-content/plugins/membermouse/bootstrap/class.utils.php on line 904
[07-Apr-2017 14:00:55 UTC] PHP Stack trace:
[07-Apr-2017 14:00:55 UTC] PHP   1. {main}() /usr/bin/wp:0
[07-Apr-2017 14:00:55 UTC] PHP   2. include() /usr/bin/wp:4
[07-Apr-2017 14:00:55 UTC] PHP   3. include() phar:///usr/bin/wp/php/boot-phar.php:5
[07-Apr-2017 14:00:55 UTC] PHP   4. WP_CLI\Runner->start() phar:///usr/bin/wp/php/wp-cli.php:21
[07-Apr-2017 14:00:55 UTC] PHP   5. WP_CLI\Runner->load_wordpress() phar:///usr/bin/wp/php/WP_CLI/Runner.php:867
[07-Apr-2017 14:00:55 UTC] PHP   6. require() phar:///usr/bin/wp/php/WP_CLI/Runner.php:923
[07-Apr-2017 14:00:55 UTC] PHP   7. do_action() /vagrant/projects/fittin.dev/wp-settings.php:449
[07-Apr-2017 14:00:55 UTC] PHP   8. WP_Hook->do_action() /vagrant/projects/fittin.dev/wp-includes/plugin.php:453
[07-Apr-2017 14:00:55 UTC] PHP   9. WP_Hook->apply_filters() /vagrant/projects/fittin.dev/wp-includes/class-wp-hook.php:323
[07-Apr-2017 14:00:55 UTC] PHP  10. call_user_func_array() /vagrant/projects/fittin.dev/wp-includes/class-wp-hook.php:298
[07-Apr-2017 14:00:55 UTC] PHP  11. MM_UserHooks->doAutoLogin() /vagrant/projects/fittin.dev/wp-includes/class-wp-hook.php:298
[07-Apr-2017 14:00:55 UTC] PHP  12. MM_Utils::constructPageUrl() /vagrant/projects/fittin.dev/wp-content/plugins/membermouse/hooks/class.userhooks.php:20
[07-Apr-2017 14:00:55 UTC] PHP Notice:  Undefined index: SERVER_PORT in /vagrant/projects/fittin.dev/wp-content/plugins/membermouse/bootstrap/class.utils.php on line 904
[07-Apr-2017 14:00:55 UTC] PHP Stack trace:
[07-Apr-2017 14:00:55 UTC] PHP   1. {main}() /usr/bin/wp:0
[07-Apr-2017 14:00:55 UTC] PHP   2. include() /usr/bin/wp:4
[07-Apr-2017 14:00:55 UTC] PHP   3. include() phar:///usr/bin/wp/php/boot-phar.php:5
[07-Apr-2017 14:00:55 UTC] PHP   4. WP_CLI\Runner->start() phar:///usr/bin/wp/php/wp-cli.php:21
[07-Apr-2017 14:00:55 UTC] PHP   5. WP_CLI\Runner->load_wordpress() phar:///usr/bin/wp/php/WP_CLI/Runner.php:867
[07-Apr-2017 14:00:55 UTC] PHP   6. require() phar:///usr/bin/wp/php/WP_CLI/Runner.php:923
[07-Apr-2017 14:00:55 UTC] PHP   7. do_action() /vagrant/projects/fittin.dev/wp-settings.php:449
[07-Apr-2017 14:00:55 UTC] PHP   8. WP_Hook->do_action() /vagrant/projects/fittin.dev/wp-includes/plugin.php:453
[07-Apr-2017 14:00:55 UTC] PHP   9. WP_Hook->apply_filters() /vagrant/projects/fittin.dev/wp-includes/class-wp-hook.php:323
[07-Apr-2017 14:00:55 UTC] PHP  10. call_user_func_array() /vagrant/projects/fittin.dev/wp-includes/class-wp-hook.php:298
[07-Apr-2017 14:00:55 UTC] PHP  11. MM_UserHooks->doAutoLogin() /vagrant/projects/fittin.dev/wp-includes/class-wp-hook.php:298
[07-Apr-2017 14:00:55 UTC] PHP  12. MM_Utils::constructPageUrl() /vagrant/projects/fittin.dev/wp-content/plugins/membermouse/hooks/class.userhooks.php:20
[07-Apr-2017 14:00:55 UTC] PHP Notice:  Undefined index: SERVER_NAME in /vagrant/projects/fittin.dev/wp-content/plugins/membermouse/bootstrap/class.utils.php on line 905
[07-Apr-2017 14:00:55 UTC] PHP Stack trace:
[07-Apr-2017 14:00:55 UTC] PHP   1. {main}() /usr/bin/wp:0
[07-Apr-2017 14:00:55 UTC] PHP   2. include() /usr/bin/wp:4
[07-Apr-2017 14:00:55 UTC] PHP   3. include() phar:///usr/bin/wp/php/boot-phar.php:5
[07-Apr-2017 14:00:55 UTC] PHP   4. WP_CLI\Runner->start() phar:///usr/bin/wp/php/wp-cli.php:21
[07-Apr-2017 14:00:55 UTC] PHP   5. WP_CLI\Runner->load_wordpress() phar:///usr/bin/wp/php/WP_CLI/Runner.php:867
[07-Apr-2017 14:00:55 UTC] PHP   6. require() phar:///usr/bin/wp/php/WP_CLI/Runner.php:923
[07-Apr-2017 14:00:55 UTC] PHP   7. do_action() /vagrant/projects/fittin.dev/wp-settings.php:449
[07-Apr-2017 14:00:55 UTC] PHP   8. WP_Hook->do_action() /vagrant/projects/fittin.dev/wp-includes/plugin.php:453
[07-Apr-2017 14:00:55 UTC] PHP   9. WP_Hook->apply_filters() /vagrant/projects/fittin.dev/wp-includes/class-wp-hook.php:323
[07-Apr-2017 14:00:55 UTC] PHP  10. call_user_func_array() /vagrant/projects/fittin.dev/wp-includes/class-wp-hook.php:298
[07-Apr-2017 14:00:55 UTC] PHP  11. MM_UserHooks->doAutoLogin() /vagrant/projects/fittin.dev/wp-includes/class-wp-hook.php:298
[07-Apr-2017 14:00:55 UTC] PHP  12. MM_Utils::constructPageUrl() /vagrant/projects/fittin.dev/wp-content/plugins/membermouse/hooks/class.userhooks.php:20
[07-Apr-2017 14:00:55 UTC] PHP Notice:  Undefined index: SERVER_PORT in /vagrant/projects/fittin.dev/wp-content/plugins/membermouse/bootstrap/class.utils.php on line 905
[07-Apr-2017 14:00:55 UTC] PHP Stack trace:
[07-Apr-2017 14:00:55 UTC] PHP   1. {main}() /usr/bin/wp:0
[07-Apr-2017 14:00:55 UTC] PHP   2. include() /usr/bin/wp:4
[07-Apr-2017 14:00:55 UTC] PHP   3. include() phar:///usr/bin/wp/php/boot-phar.php:5
[07-Apr-2017 14:00:55 UTC] PHP   4. WP_CLI\Runner->start() phar:///usr/bin/wp/php/wp-cli.php:21
[07-Apr-2017 14:00:55 UTC] PHP   5. WP_CLI\Runner->load_wordpress() phar:///usr/bin/wp/php/WP_CLI/Runner.php:867
[07-Apr-2017 14:00:55 UTC] PHP   6. require() phar:///usr/bin/wp/php/WP_CLI/Runner.php:923
[07-Apr-2017 14:00:55 UTC] PHP   7. do_action() /vagrant/projects/fittin.dev/wp-settings.php:449
[07-Apr-2017 14:00:55 UTC] PHP   8. WP_Hook->do_action() /vagrant/projects/fittin.dev/wp-includes/plugin.php:453
[07-Apr-2017 14:00:55 UTC] PHP   9. WP_Hook->apply_filters() /vagrant/projects/fittin.dev/wp-includes/class-wp-hook.php:323
[07-Apr-2017 14:00:55 UTC] PHP  10. call_user_func_array() /vagrant/projects/fittin.dev/wp-includes/class-wp-hook.php:298
[07-Apr-2017 14:00:55 UTC] PHP  11. MM_UserHooks->doAutoLogin() /vagrant/projects/fittin.dev/wp-includes/class-wp-hook.php:298
[07-Apr-2017 14:00:55 UTC] PHP  12. MM_Utils::constructPageUrl() /vagrant/projects/fittin.dev/wp-content/plugins/membermouse/hooks/class.userhooks.php:20
[07-Apr-2017 14:00:55 UTC] PHP Notice:  Undefined index: SERVER_PORT in /vagrant/projects/fittin.dev/wp-content/plugins/membermouse/bootstrap/class.utils.php on line 904
[07-Apr-2017 14:00:55 UTC] PHP Stack trace:
[07-Apr-2017 14:00:55 UTC] PHP   1. {main}() /usr/bin/wp:0
[07-Apr-2017 14:00:55 UTC] PHP   2. include() /usr/bin/wp:4
[07-Apr-2017 14:00:55 UTC] PHP   3. include() phar:///usr/bin/wp/php/boot-phar.php:5
[07-Apr-2017 14:00:55 UTC] PHP   4. WP_CLI\Runner->start() phar:///usr/bin/wp/php/wp-cli.php:21
[07-Apr-2017 14:00:55 UTC] PHP   5. WP_CLI\Runner->load_wordpress() phar:///usr/bin/wp/php/WP_CLI/Runner.php:867
[07-Apr-2017 14:00:55 UTC] PHP   6. require() phar:///usr/bin/wp/php/WP_CLI/Runner.php:923
[07-Apr-2017 14:00:55 UTC] PHP   7. do_action() /vagrant/projects/fittin.dev/wp-settings.php:449
[07-Apr-2017 14:00:55 UTC] PHP   8. WP_Hook->do_action() /vagrant/projects/fittin.dev/wp-includes/plugin.php:453
[07-Apr-2017 14:00:55 UTC] PHP   9. WP_Hook->apply_filters() /vagrant/projects/fittin.dev/wp-includes/class-wp-hook.php:323
[07-Apr-2017 14:00:55 UTC] PHP  10. call_user_func_array() /vagrant/projects/fittin.dev/wp-includes/class-wp-hook.php:298
[07-Apr-2017 14:00:55 UTC] PHP  11. MM_UserHooks->removeWPAutoPOnCorePages() /vagrant/projects/fittin.dev/wp-includes/class-wp-hook.php:298
[07-Apr-2017 14:00:55 UTC] PHP  12. MM_Utils::constructPageUrl() /vagrant/projects/fittin.dev/wp-content/plugins/membermouse/hooks/class.userhooks.php:154
[07-Apr-2017 14:00:55 UTC] PHP Notice:  Undefined index: SERVER_PORT in /vagrant/projects/fittin.dev/wp-content/plugins/membermouse/bootstrap/class.utils.php on line 904
[07-Apr-2017 14:00:55 UTC] PHP Stack trace:
[07-Apr-2017 14:00:55 UTC] PHP   1. {main}() /usr/bin/wp:0
[07-Apr-2017 14:00:55 UTC] PHP   2. include() /usr/bin/wp:4
[07-Apr-2017 14:00:55 UTC] PHP   3. include() phar:///usr/bin/wp/php/boot-phar.php:5
[07-Apr-2017 14:00:55 UTC] PHP   4. WP_CLI\Runner->start() phar:///usr/bin/wp/php/wp-cli.php:21
[07-Apr-2017 14:00:55 UTC] PHP   5. WP_CLI\Runner->load_wordpress() phar:///usr/bin/wp/php/WP_CLI/Runner.php:867
[07-Apr-2017 14:00:55 UTC] PHP   6. require() phar:///usr/bin/wp/php/WP_CLI/Runner.php:923
[07-Apr-2017 14:00:55 UTC] PHP   7. do_action() /vagrant/projects/fittin.dev/wp-settings.php:449
[07-Apr-2017 14:00:55 UTC] PHP   8. WP_Hook->do_action() /vagrant/projects/fittin.dev/wp-includes/plugin.php:453
[07-Apr-2017 14:00:55 UTC] PHP   9. WP_Hook->apply_filters() /vagrant/projects/fittin.dev/wp-includes/class-wp-hook.php:323
[07-Apr-2017 14:00:55 UTC] PHP  10. call_user_func_array() /vagrant/projects/fittin.dev/wp-includes/class-wp-hook.php:298
[07-Apr-2017 14:00:55 UTC] PHP  11. MM_UserHooks->removeWPAutoPOnCorePages() /vagrant/projects/fittin.dev/wp-includes/class-wp-hook.php:298
[07-Apr-2017 14:00:55 UTC] PHP  12. MM_Utils::constructPageUrl() /vagrant/projects/fittin.dev/wp-content/plugins/membermouse/hooks/class.userhooks.php:154
[07-Apr-2017 14:00:55 UTC] PHP Notice:  Undefined index: SERVER_NAME in /vagrant/projects/fittin.dev/wp-content/plugins/membermouse/bootstrap/class.utils.php on line 905
[07-Apr-2017 14:00:55 UTC] PHP Stack trace:
[07-Apr-2017 14:00:55 UTC] PHP   1. {main}() /usr/bin/wp:0
[07-Apr-2017 14:00:55 UTC] PHP   2. include() /usr/bin/wp:4
[07-Apr-2017 14:00:55 UTC] PHP   3. include() phar:///usr/bin/wp/php/boot-phar.php:5
[07-Apr-2017 14:00:55 UTC] PHP   4. WP_CLI\Runner->start() phar:///usr/bin/wp/php/wp-cli.php:21
[07-Apr-2017 14:00:55 UTC] PHP   5. WP_CLI\Runner->load_wordpress() phar:///usr/bin/wp/php/WP_CLI/Runner.php:867
[07-Apr-2017 14:00:55 UTC] PHP   6. require() phar:///usr/bin/wp/php/WP_CLI/Runner.php:923
[07-Apr-2017 14:00:55 UTC] PHP   7. do_action() /vagrant/projects/fittin.dev/wp-settings.php:449
[07-Apr-2017 14:00:55 UTC] PHP   8. WP_Hook->do_action() /vagrant/projects/fittin.dev/wp-includes/plugin.php:453
[07-Apr-2017 14:00:55 UTC] PHP   9. WP_Hook->apply_filters() /vagrant/projects/fittin.dev/wp-includes/class-wp-hook.php:323
[07-Apr-2017 14:00:55 UTC] PHP  10. call_user_func_array() /vagrant/projects/fittin.dev/wp-includes/class-wp-hook.php:298
[07-Apr-2017 14:00:55 UTC] PHP  11. MM_UserHooks->removeWPAutoPOnCorePages() /vagrant/projects/fittin.dev/wp-includes/class-wp-hook.php:298
[07-Apr-2017 14:00:55 UTC] PHP  12. MM_Utils::constructPageUrl() /vagrant/projects/fittin.dev/wp-content/plugins/membermouse/hooks/class.userhooks.php:154
[07-Apr-2017 14:00:55 UTC] PHP Notice:  Undefined index: SERVER_PORT in /vagrant/projects/fittin.dev/wp-content/plugins/membermouse/bootstrap/class.utils.php on line 905
[07-Apr-2017 14:00:55 UTC] PHP Stack trace:
[07-Apr-2017 14:00:55 UTC] PHP   1. {main}() /usr/bin/wp:0
[07-Apr-2017 14:00:55 UTC] PHP   2. include() /usr/bin/wp:4
[07-Apr-2017 14:00:55 UTC] PHP   3. include() phar:///usr/bin/wp/php/boot-phar.php:5
[07-Apr-2017 14:00:55 UTC] PHP   4. WP_CLI\Runner->start() phar:///usr/bin/wp/php/wp-cli.php:21
[07-Apr-2017 14:00:55 UTC] PHP   5. WP_CLI\Runner->load_wordpress() phar:///usr/bin/wp/php/WP_CLI/Runner.php:867
[07-Apr-2017 14:00:55 UTC] PHP   6. require() phar:///usr/bin/wp/php/WP_CLI/Runner.php:923
[07-Apr-2017 14:00:55 UTC] PHP   7. do_action() /vagrant/projects/fittin.dev/wp-settings.php:449
[07-Apr-2017 14:00:55 UTC] PHP   8. WP_Hook->do_action() /vagrant/projects/fittin.dev/wp-includes/plugin.php:453
[07-Apr-2017 14:00:55 UTC] PHP   9. WP_Hook->apply_filters() /vagrant/projects/fittin.dev/wp-includes/class-wp-hook.php:323
[07-Apr-2017 14:00:55 UTC] PHP  10. call_user_func_array() /vagrant/projects/fittin.dev/wp-includes/class-wp-hook.php:298
[07-Apr-2017 14:00:55 UTC] PHP  11. MM_UserHooks->removeWPAutoPOnCorePages() /vagrant/projects/fittin.dev/wp-includes/class-wp-hook.php:298
[07-Apr-2017 14:00:55 UTC] PHP  12. MM_Utils::constructPageUrl() /vagrant/projects/fittin.dev/wp-content/plugins/membermouse/hooks/class.userhooks.php:154
[07-Apr-2017 14:02:08 UTC] PHP Notice:  Use of undefined constant PWP_NAME - assumed 'PWP_NAME' in /srv/www/fittin.dev/wp-content/mu-plugins/wpengine-common/wpe-sec.php on line 63
[07-Apr-2017 14:02:08 UTC] PHP Stack trace:
[07-Apr-2017 14:02:08 UTC] PHP   1. {main}() /srv/www/fittin.dev/index.php:0
[07-Apr-2017 14:02:08 UTC] PHP   2. require() /srv/www/fittin.dev/index.php:17
[07-Apr-2017 14:02:08 UTC] PHP   3. require_once() /srv/www/fittin.dev/wp-blog-header.php:13
[07-Apr-2017 14:02:08 UTC] PHP   4. require_once() /srv/www/fittin.dev/wp-load.php:37
[07-Apr-2017 14:02:08 UTC] PHP   5. require_once() /srv/www/fittin.dev/wp-config.php:91
[07-Apr-2017 14:02:08 UTC] PHP   6. do_action() /srv/www/fittin.dev/wp-settings.php:449
[07-Apr-2017 14:02:08 UTC] PHP   7. WP_Hook->do_action() /srv/www/fittin.dev/wp-includes/plugin.php:453
[07-Apr-2017 14:02:08 UTC] PHP   8. WP_Hook->apply_filters() /srv/www/fittin.dev/wp-includes/class-wp-hook.php:323
[07-Apr-2017 14:02:08 UTC] PHP   9. call_user_func_array() /srv/www/fittin.dev/wp-includes/class-wp-hook.php:298
[07-Apr-2017 14:02:08 UTC] PHP  10. wpesec_encourage_tls() /srv/www/fittin.dev/wp-includes/class-wp-hook.php:298
[07-Apr-2017 14:03:22 UTC] PHP Notice:  Use of undefined constant PWP_NAME - assumed 'PWP_NAME' in /srv/www/fittin.dev/wp-content/mu-plugins/wpengine-common/wpe-sec.php on line 63
[07-Apr-2017 14:03:22 UTC] PHP Stack trace:
[07-Apr-2017 14:03:22 UTC] PHP   1. {main}() /srv/www/fittin.dev/wp-cron.php:0
[07-Apr-2017 14:03:22 UTC] PHP   2. require_once() /srv/www/fittin.dev/wp-cron.php:26
[07-Apr-2017 14:03:22 UTC] PHP   3. require_once() /srv/www/fittin.dev/wp-load.php:37
[07-Apr-2017 14:03:22 UTC] PHP   4. require_once() /srv/www/fittin.dev/wp-config.php:91
[07-Apr-2017 14:03:22 UTC] PHP   5. do_action() /srv/www/fittin.dev/wp-settings.php:449
[07-Apr-2017 14:03:22 UTC] PHP   6. WP_Hook->do_action() /srv/www/fittin.dev/wp-includes/plugin.php:453
[07-Apr-2017 14:03:22 UTC] PHP   7. WP_Hook->apply_filters() /srv/www/fittin.dev/wp-includes/class-wp-hook.php:323
[07-Apr-2017 14:03:22 UTC] PHP   8. call_user_func_array() /srv/www/fittin.dev/wp-includes/class-wp-hook.php:298
[07-Apr-2017 14:03:22 UTC] PHP   9. wpesec_encourage_tls() /srv/www/fittin.dev/wp-includes/class-wp-hook.php:298
[07-Apr-2017 14:03:22 UTC] PHP Notice:  Use of undefined constant PWP_NAME - assumed 'PWP_NAME' in /srv/www/fittin.dev/wp-content/mu-plugins/wpengine-common/wpe-sec.php on line 63
[07-Apr-2017 14:03:22 UTC] PHP Stack trace:
[07-Apr-2017 14:03:22 UTC] PHP   1. {main}() /srv/www/fittin.dev/index.php:0
[07-Apr-2017 14:03:22 UTC] PHP   2. require() /srv/www/fittin.dev/index.php:17
[07-Apr-2017 14:03:22 UTC] PHP   3. require_once() /srv/www/fittin.dev/wp-blog-header.php:13
[07-Apr-2017 14:03:22 UTC] PHP   4. require_once() /srv/www/fittin.dev/wp-load.php:37
[07-Apr-2017 14:03:22 UTC] PHP   5. require_once() /srv/www/fittin.dev/wp-config.php:91
[07-Apr-2017 14:03:22 UTC] PHP   6. do_action() /srv/www/fittin.dev/wp-settings.php:449
[07-Apr-2017 14:03:22 UTC] PHP   7. WP_Hook->do_action() /srv/www/fittin.dev/wp-includes/plugin.php:453
[07-Apr-2017 14:03:22 UTC] PHP   8. WP_Hook->apply_filters() /srv/www/fittin.dev/wp-includes/class-wp-hook.php:323
[07-Apr-2017 14:03:22 UTC] PHP   9. call_user_func_array() /srv/www/fittin.dev/wp-includes/class-wp-hook.php:298
[07-Apr-2017 14:03:22 UTC] PHP  10. wpesec_encourage_tls() /srv/www/fittin.dev/wp-includes/class-wp-hook.php:298
